
> Task :compileJava FAILED
/home/aiden/programming/final-project/iroom-backend-springboot/src/main/java/com/iroomclass/springbackend/domain/analysis/service/DashboardService.java:56: error: cannot find symbol
                submission.getUser().getName() + "_" + submission.getUser().getPhone()));
                          ^
  symbol:   method getUser()
  location: variable submission of type ExamSubmission
/home/aiden/programming/final-project/iroom-backend-springboot/src/main/java/com/iroomclass/springbackend/domain/analysis/service/DashboardService.java:56: error: cannot find symbol
                submission.getUser().getName() + "_" + submission.getUser().getPhone()));
                                                                 ^
  symbol:   method getUser()
  location: variable submission of type ExamSubmission
/home/aiden/programming/final-project/iroom-backend-springboot/src/main/java/com/iroomclass/springbackend/domain/analysis/service/DashboardService.java:175: error: cannot find symbol
                submission.getUser().getName() + "_" + submission.getUser().getPhone()));
                          ^
  symbol:   method getUser()
  location: variable submission of type ExamSubmission
/home/aiden/programming/final-project/iroom-backend-springboot/src/main/java/com/iroomclass/springbackend/domain/analysis/service/DashboardService.java:175: error: cannot find symbol
                submission.getUser().getName() + "_" + submission.getUser().getPhone()));
                                                                 ^
  symbol:   method getUser()
  location: variable submission of type ExamSubmission
/home/aiden/programming/final-project/iroom-backend-springboot/src/main/java/com/iroomclass/springbackend/domain/analysis/service/DashboardService.java:316: error: cannot find symbol
                    submission.getUser().getName() + "_" + submission.getUser().getPhone()));
                              ^
  symbol:   method getUser()
  location: variable submission of type ExamSubmission
/home/aiden/programming/final-project/iroom-backend-springboot/src/main/java/com/iroomclass/springbackend/domain/analysis/service/DashboardService.java:316: error: cannot find symbol
                    submission.getUser().getName() + "_" + submission.getUser().getPhone()));
                                                                     ^
  symbol:   method getUser()
  location: variable submission of type ExamSubmission
/home/aiden/programming/final-project/iroom-backend-springboot/src/main/java/com/iroomclass/springbackend/domain/exam/service/AdminExamSubmissionService.java:55: error: cannot find symbol
            ExamSubmissionListResponse.SubmissionInfo submissionInfo = new ExamSubmissionListResponse.SubmissionInfo(submission.getId(), submission.getUser().getName(), submission.getUser().getPhone(), submission.getSubmittedAt(), submission.getTotalScore());
                                                                                                                                                   ^
  symbol:   method getUser()
  location: variable submission of type ExamSubmission
/home/aiden/programming/final-project/iroom-backend-springboot/src/main/java/com/iroomclass/springbackend/domain/exam/service/AdminExamSubmissionService.java:55: error: cannot find symbol
            ExamSubmissionListResponse.SubmissionInfo submissionInfo = new ExamSubmissionListResponse.SubmissionInfo(submission.getId(), submission.getUser().getName(), submission.getUser().getPhone(), submission.getSubmittedAt(), submission.getTotalScore());
                                                                                                                                                                                   ^
  symbol:   method getUser()
  location: variable submission of type ExamSubmission
/home/aiden/programming/final-project/iroom-backend-springboot/src/main/java/com/iroomclass/springbackend/domain/exam/service/AdminExamSubmissionService.java:78: error: cannot find symbol
        log.info("관리자 - 시험 제출 상세 조회 완료: 학생={}, 시험={}", submission.getUser().getName(), exam.getExamName());
                                                                 ^
  symbol:   method getUser()
  location: variable submission of type ExamSubmission
/home/aiden/programming/final-project/iroom-backend-springboot/src/main/java/com/iroomclass/springbackend/domain/exam/service/AdminExamSubmissionService.java:80: error: cannot find symbol
        return new ExamSubmissionDetailResponse(submission.getId(), exam.getId(), exam.getExamName(), exam.getGrade() + "학년", submission.getUser().getName(), submission.getUser().getPhone(), submission.getSubmittedAt(), submission.getTotalScore(), exam.getQrCodeUrl());
                                                                                                                                        ^
  symbol:   method getUser()
  location: variable submission of type ExamSubmission
/home/aiden/programming/final-project/iroom-backend-springboot/src/main/java/com/iroomclass/springbackend/domain/exam/service/AdminExamSubmissionService.java:80: error: cannot find symbol
        return new ExamSubmissionDetailResponse(submission.getId(), exam.getId(), exam.getExamName(), exam.getGrade() + "학년", submission.getUser().getName(), submission.getUser().getPhone(), submission.getSubmittedAt(), submission.getTotalScore(), exam.getQrCodeUrl());
                                                                                                                                                                        ^
  symbol:   method getUser()
  location: variable submission of type ExamSubmission
/home/aiden/programming/final-project/iroom-backend-springboot/src/main/java/com/iroomclass/springbackend/domain/exam/service/AdminExamSubmissionService.java:93: error: cannot find symbol
        List<ExamSubmission> submissions = examSubmissionRepository.findByUserNameAndUserPhone(studentName, studentPhone);
                                                                   ^
  symbol:   method findByUserNameAndUserPhone(String,String)
  location: variable examSubmissionRepository of type ExamSubmissionRepository
/home/aiden/programming/final-project/iroom-backend-springboot/src/main/java/com/iroomclass/springbackend/domain/exam/service/AdminExamSubmissionService.java:98: error: cannot find symbol
            ExamSubmissionDetailResponse detail = new ExamSubmissionDetailResponse(submission.getId(), exam.getId(), exam.getExamName(), exam.getGrade() + "학년", submission.getUser().getName(), submission.getUser().getPhone(), submission.getSubmittedAt(), submission.getTotalScore(), exam.getQrCodeUrl());
                                                                                                                                                                           ^
  symbol:   method getUser()
  location: variable submission of type ExamSubmission
/home/aiden/programming/final-project/iroom-backend-springboot/src/main/java/com/iroomclass/springbackend/domain/exam/service/AdminExamSubmissionService.java:98: error: cannot find symbol
            ExamSubmissionDetailResponse detail = new ExamSubmissionDetailResponse(submission.getId(), exam.getId(), exam.getExamName(), exam.getGrade() + "학년", submission.getUser().getName(), submission.getUser().getPhone(), submission.getSubmittedAt(), submission.getTotalScore(), exam.getQrCodeUrl());
                                                                                                                                                                                                           ^
  symbol:   method getUser()
  location: variable submission of type ExamSubmission
/home/aiden/programming/final-project/iroom-backend-springboot/src/main/java/com/iroomclass/springbackend/domain/exam/service/ExamSubmissionService.java:56: error: cannot find symbol
        if (examSubmissionRepository.existsByExamIdAndUserNameAndUserPhone(
                                    ^
  symbol:   method existsByExamIdAndUserNameAndUserPhone(UUID,String,String)
  location: variable examSubmissionRepository of type ExamSubmissionRepository
/home/aiden/programming/final-project/iroom-backend-springboot/src/main/java/com/iroomclass/springbackend/domain/exam/service/ExamSubmissionService.java:75: error: cannot find symbol
                .user(user)
                ^
  symbol:   method user(Student)
  location: class ExamSubmissionBuilder
/home/aiden/programming/final-project/iroom-backend-springboot/src/main/java/com/iroomclass/springbackend/domain/exam/service/ExamSubmissionService.java:87: error: cannot find symbol
                submission.getUser().getName(),
                          ^
  symbol:   method getUser()
  location: variable submission of type ExamSubmission
/home/aiden/programming/final-project/iroom-backend-springboot/src/main/java/com/iroomclass/springbackend/domain/exam/service/ExamSubmissionService.java:88: error: cannot find symbol
                submission.getUser().getPhone(),
                          ^
  symbol:   method getUser()
  location: variable submission of type ExamSubmission
/home/aiden/programming/final-project/iroom-backend-springboot/src/main/java/com/iroomclass/springbackend/domain/exam/service/ExamSubmissionService.java:118: error: cannot find symbol
                submission.getId(), submission.getUser().getName(), answerCount);
                                              ^
  symbol:   method getUser()
  location: variable submission of type ExamSubmission
/home/aiden/programming/final-project/iroom-backend-springboot/src/main/java/com/iroomclass/springbackend/domain/exam/service/ExamSubmissionService.java:124: error: cannot find symbol
                submission.getUser().getName(),
                          ^
  symbol:   method getUser()
  location: variable submission of type ExamSubmission
/home/aiden/programming/final-project/iroom-backend-springboot/src/main/java/com/iroomclass/springbackend/domain/exam/service/ExamSubmissionService.java:125: error: cannot find symbol
                submission.getUser().getPhone(),
                          ^
  symbol:   method getUser()
  location: variable submission of type ExamSubmission
/home/aiden/programming/final-project/iroom-backend-springboot/src/main/java/com/iroomclass/springbackend/domain/user/service/StudentService.java:87: error: cannot find symbol
        long submissionCount = examSubmissionRepository.countByUserNameAndUserPhone(studentName, studentPhone);
                                                       ^
  symbol:   method countByUserNameAndUserPhone(String,String)
  location: variable examSubmissionRepository of type ExamSubmissionRepository
/home/aiden/programming/final-project/iroom-backend-springboot/src/main/java/com/iroomclass/springbackend/domain/user/service/StudentService.java:94: error: cannot find symbol
                .findTop3ByUserNameAndUserPhoneOrderBySubmittedAtDesc(studentName, studentPhone);
                ^
  symbol:   method findTop3ByUserNameAndUserPhoneOrderBySubmittedAtDesc(String,String)
  location: variable examSubmissionRepository of type ExamSubmissionRepository
/home/aiden/programming/final-project/iroom-backend-springboot/src/main/java/com/iroomclass/springbackend/domain/user/service/StudentService.java:120: error: cannot find symbol
        long submissionCount = examSubmissionRepository.countByUserNameAndUserPhone(studentName, studentPhone);
                                                       ^
  symbol:   method countByUserNameAndUserPhone(String,String)
  location: variable examSubmissionRepository of type ExamSubmissionRepository
/home/aiden/programming/final-project/iroom-backend-springboot/src/main/java/com/iroomclass/springbackend/domain/user/service/StudentService.java:126: error: cannot find symbol
        List<ExamSubmission> submissions = examSubmissionRepository.findByUserNameAndUserPhoneOrderBySubmittedAtDesc(
                                                                   ^
  symbol:   method findByUserNameAndUserPhoneOrderBySubmittedAtDesc(String,String)
  location: variable examSubmissionRepository of type ExamSubmissionRepository
/home/aiden/programming/final-project/iroom-backend-springboot/src/main/java/com/iroomclass/springbackend/domain/user/service/StudentService.java:158: error: cannot find symbol
        if (!submission.getUser().getName().equals(studentName) ||
                       ^
  symbol:   method getUser()
  location: variable submission of type ExamSubmission
/home/aiden/programming/final-project/iroom-backend-springboot/src/main/java/com/iroomclass/springbackend/domain/user/service/StudentService.java:159: error: cannot find symbol
                !submission.getUser().getPhone().equals(studentPhone)) {
                           ^
  symbol:   method getUser()
  location: variable submission of type ExamSubmission
/home/aiden/programming/final-project/iroom-backend-springboot/src/main/java/com/iroomclass/springbackend/domain/user/service/StudentService.java:195: error: cannot find symbol
                submission.getUser().getName(),
                          ^
  symbol:   method getUser()
  location: variable submission of type ExamSubmission
/home/aiden/programming/final-project/iroom-backend-springboot/src/main/java/com/iroomclass/springbackend/domain/user/service/StudentService.java:196: error: cannot find symbol
                submission.getUser().getPhone(),
                          ^
  symbol:   method getUser()
  location: variable submission of type ExamSubmission
/home/aiden/programming/final-project/iroom-backend-springboot/src/main/java/com/iroomclass/springbackend/domain/user/service/StudentService.java:234: error: cannot find symbol
        if (!submission.getUser().getName().equals(studentName) ||
                       ^
  symbol:   method getUser()
  location: variable submission of type ExamSubmission
/home/aiden/programming/final-project/iroom-backend-springboot/src/main/java/com/iroomclass/springbackend/domain/user/service/StudentService.java:235: error: cannot find symbol
                !submission.getUser().getPhone().equals(studentPhone)) {
                           ^
  symbol:   method getUser()
  location: variable submission of type ExamSubmission
Note: Some input files use or override a deprecated API.
Note: Recompile with -Xlint:deprecation for details.
31 errors

[Incubating] Problems report is available at: file:///home/aiden/programming/final-project/iroom-backend-springboot/build/reports/problems/problems-report.html

FAILURE: Build failed with an exception.

* What went wrong:
Execution failed for task ':compileJava'.
> Compilation failed; see the compiler output below.
  Note: Recompile with -Xlint:deprecation for details.
  Note: Some input files use or override a deprecated API.
  /home/aiden/programming/final-project/iroom-backend-springboot/src/main/java/com/iroomclass/springbackend/domain/analysis/service/DashboardService.java:56: error: cannot find symbol
                  submission.getUser().getName() + "_" + submission.getUser().getPhone()));
                            ^
    symbol:   method getUser()
    location: variable submission of type ExamSubmission
  /home/aiden/programming/final-project/iroom-backend-springboot/src/main/java/com/iroomclass/springbackend/domain/analysis/service/DashboardService.java:56: error: cannot find symbol
                  submission.getUser().getName() + "_" + submission.getUser().getPhone()));
                                                                   ^
    symbol:   method getUser()
    location: variable submission of type ExamSubmission
  /home/aiden/programming/final-project/iroom-backend-springboot/src/main/java/com/iroomclass/springbackend/domain/analysis/service/DashboardService.java:175: error: cannot find symbol
                  submission.getUser().getName() + "_" + submission.getUser().getPhone()));
                            ^
    symbol:   method getUser()
    location: variable submission of type ExamSubmission
  /home/aiden/programming/final-project/iroom-backend-springboot/src/main/java/com/iroomclass/springbackend/domain/analysis/service/DashboardService.java:175: error: cannot find symbol
                  submission.getUser().getName() + "_" + submission.getUser().getPhone()));
                                                                   ^
    symbol:   method getUser()
    location: variable submission of type ExamSubmission
  /home/aiden/programming/final-project/iroom-backend-springboot/src/main/java/com/iroomclass/springbackend/domain/analysis/service/DashboardService.java:316: error: cannot find symbol
                      submission.getUser().getName() + "_" + submission.getUser().getPhone()));
                                ^
    symbol:   method getUser()
    location: variable submission of type ExamSubmission
  /home/aiden/programming/final-project/iroom-backend-springboot/src/main/java/com/iroomclass/springbackend/domain/analysis/service/DashboardService.java:316: error: cannot find symbol
                      submission.getUser().getName() + "_" + submission.getUser().getPhone()));
                                                                       ^
    symbol:   method getUser()
    location: variable submission of type ExamSubmission
  /home/aiden/programming/final-project/iroom-backend-springboot/src/main/java/com/iroomclass/springbackend/domain/exam/service/AdminExamSubmissionService.java:55: error: cannot find symbol
              ExamSubmissionListResponse.SubmissionInfo submissionInfo = new ExamSubmissionListResponse.SubmissionInfo(submission.getId(), submission.getUser().getName(), submission.getUser().getPhone(), submission.getSubmittedAt(), submission.getTotalScore());
                                                                                                                                                     ^
    symbol:   method getUser()
    location: variable submission of type ExamSubmission
  /home/aiden/programming/final-project/iroom-backend-springboot/src/main/java/com/iroomclass/springbackend/domain/exam/service/AdminExamSubmissionService.java:55: error: cannot find symbol
              ExamSubmissionListResponse.SubmissionInfo submissionInfo = new ExamSubmissionListResponse.SubmissionInfo(submission.getId(), submission.getUser().getName(), submission.getUser().getPhone(), submission.getSubmittedAt(), submission.getTotalScore());
                                                                                                                                                                                     ^
    symbol:   method getUser()
    location: variable submission of type ExamSubmission
  /home/aiden/programming/final-project/iroom-backend-springboot/src/main/java/com/iroomclass/springbackend/domain/exam/service/AdminExamSubmissionService.java:78: error: cannot find symbol
          log.info("관리자 - 시험 제출 상세 조회 완료: 학생={}, 시험={}", submission.getUser().getName(), exam.getExamName());
                                                                   ^
    symbol:   method getUser()
    location: variable submission of type ExamSubmission
  /home/aiden/programming/final-project/iroom-backend-springboot/src/main/java/com/iroomclass/springbackend/domain/exam/service/AdminExamSubmissionService.java:80: error: cannot find symbol
          return new ExamSubmissionDetailResponse(submission.getId(), exam.getId(), exam.getExamName(), exam.getGrade() + "학년", submission.getUser().getName(), submission.getUser().getPhone(), submission.getSubmittedAt(), submission.getTotalScore(), exam.getQrCodeUrl());
                                                                                                                                          ^
    symbol:   method getUser()
    location: variable submission of type ExamSubmission
  /home/aiden/programming/final-project/iroom-backend-springboot/src/main/java/com/iroomclass/springbackend/domain/exam/service/AdminExamSubmissionService.java:80: error: cannot find symbol
          return new ExamSubmissionDetailResponse(submission.getId(), exam.getId(), exam.getExamName(), exam.getGrade() + "학년", submission.getUser().getName(), submission.getUser().getPhone(), submission.getSubmittedAt(), submission.getTotalScore(), exam.getQrCodeUrl());
                                                                                                                                                                          ^
    symbol:   method getUser()
    location: variable submission of type ExamSubmission
  /home/aiden/programming/final-project/iroom-backend-springboot/src/main/java/com/iroomclass/springbackend/domain/exam/service/AdminExamSubmissionService.java:93: error: cannot find symbol
          List<ExamSubmission> submissions = examSubmissionRepository.findByUserNameAndUserPhone(studentName, studentPhone);
                                                                     ^
    symbol:   method findByUserNameAndUserPhone(String,String)
    location: variable examSubmissionRepository of type ExamSubmissionRepository
  /home/aiden/programming/final-project/iroom-backend-springboot/src/main/java/com/iroomclass/springbackend/domain/exam/service/AdminExamSubmissionService.java:98: error: cannot find symbol
              ExamSubmissionDetailResponse detail = new ExamSubmissionDetailResponse(submission.getId(), exam.getId(), exam.getExamName(), exam.getGrade() + "학년", submission.getUser().getName(), submission.getUser().getPhone(), submission.getSubmittedAt(), submission.getTotalScore(), exam.getQrCodeUrl());
                                                                                                                                                                             ^
    symbol:   method getUser()
    location: variable submission of type ExamSubmission
  /home/aiden/programming/final-project/iroom-backend-springboot/src/main/java/com/iroomclass/springbackend/domain/exam/service/AdminExamSubmissionService.java:98: error: cannot find symbol
              ExamSubmissionDetailResponse detail = new ExamSubmissionDetailResponse(submission.getId(), exam.getId(), exam.getExamName(), exam.getGrade() + "학년", submission.getUser().getName(), submission.getUser().getPhone(), submission.getSubmittedAt(), submission.getTotalScore(), exam.getQrCodeUrl());
                                                                                                                                                                                                             ^
    symbol:   method getUser()
    location: variable submission of type ExamSubmission
  /home/aiden/programming/final-project/iroom-backend-springboot/src/main/java/com/iroomclass/springbackend/domain/exam/service/ExamSubmissionService.java:56: error: cannot find symbol
          if (examSubmissionRepository.existsByExamIdAndUserNameAndUserPhone(
                                      ^
    symbol:   method existsByExamIdAndUserNameAndUserPhone(UUID,String,String)
    location: variable examSubmissionRepository of type ExamSubmissionRepository
  /home/aiden/programming/final-project/iroom-backend-springboot/src/main/java/com/iroomclass/springbackend/domain/exam/service/ExamSubmissionService.java:75: error: cannot find symbol
                  .user(user)
                  ^
    symbol:   method user(Student)
    location: class ExamSubmissionBuilder
  /home/aiden/programming/final-project/iroom-backend-springboot/src/main/java/com/iroomclass/springbackend/domain/exam/service/ExamSubmissionService.java:87: error: cannot find symbol
                  submission.getUser().getName(),
                            ^
    symbol:   method getUser()
    location: variable submission of type ExamSubmission
  /home/aiden/programming/final-project/iroom-backend-springboot/src/main/java/com/iroomclass/springbackend/domain/exam/service/ExamSubmissionService.java:88: error: cannot find symbol
                  submission.getUser().getPhone(),
                            ^
    symbol:   method getUser()
    location: variable submission of type ExamSubmission
  /home/aiden/programming/final-project/iroom-backend-springboot/src/main/java/com/iroomclass/springbackend/domain/exam/service/ExamSubmissionService.java:118: error: cannot find symbol
                  submission.getId(), submission.getUser().getName(), answerCount);
                                                ^
    symbol:   method getUser()
    location: variable submission of type ExamSubmission
  /home/aiden/programming/final-project/iroom-backend-springboot/src/main/java/com/iroomclass/springbackend/domain/exam/service/ExamSubmissionService.java:124: error: cannot find symbol
                  submission.getUser().getName(),
                            ^
    symbol:   method getUser()
    location: variable submission of type ExamSubmission
  /home/aiden/programming/final-project/iroom-backend-springboot/src/main/java/com/iroomclass/springbackend/domain/exam/service/ExamSubmissionService.java:125: error: cannot find symbol
                  submission.getUser().getPhone(),
                            ^
    symbol:   method getUser()
    location: variable submission of type ExamSubmission
  /home/aiden/programming/final-project/iroom-backend-springboot/src/main/java/com/iroomclass/springbackend/domain/user/service/StudentService.java:87: error: cannot find symbol
          long submissionCount = examSubmissionRepository.countByUserNameAndUserPhone(studentName, studentPhone);
                                                         ^
    symbol:   method countByUserNameAndUserPhone(String,String)
    location: variable examSubmissionRepository of type ExamSubmissionRepository
  /home/aiden/programming/final-project/iroom-backend-springboot/src/main/java/com/iroomclass/springbackend/domain/user/service/StudentService.java:94: error: cannot find symbol
                  .findTop3ByUserNameAndUserPhoneOrderBySubmittedAtDesc(studentName, studentPhone);
                  ^
    symbol:   method findTop3ByUserNameAndUserPhoneOrderBySubmittedAtDesc(String,String)
    location: variable examSubmissionRepository of type ExamSubmissionRepository
  /home/aiden/programming/final-project/iroom-backend-springboot/src/main/java/com/iroomclass/springbackend/domain/user/service/StudentService.java:120: error: cannot find symbol
          long submissionCount = examSubmissionRepository.countByUserNameAndUserPhone(studentName, studentPhone);
                                                         ^
    symbol:   method countByUserNameAndUserPhone(String,String)
    location: variable examSubmissionRepository of type ExamSubmissionRepository
  /home/aiden/programming/final-project/iroom-backend-springboot/src/main/java/com/iroomclass/springbackend/domain/user/service/StudentService.java:126: error: cannot find symbol
          List<ExamSubmission> submissions = examSubmissionRepository.findByUserNameAndUserPhoneOrderBySubmittedAtDesc(
                                                                     ^
    symbol:   method findByUserNameAndUserPhoneOrderBySubmittedAtDesc(String,String)
    location: variable examSubmissionRepository of type ExamSubmissionRepository
  /home/aiden/programming/final-project/iroom-backend-springboot/src/main/java/com/iroomclass/springbackend/domain/user/service/StudentService.java:158: error: cannot find symbol
          if (!submission.getUser().getName().equals(studentName) ||
                         ^
    symbol:   method getUser()
    location: variable submission of type ExamSubmission
  /home/aiden/programming/final-project/iroom-backend-springboot/src/main/java/com/iroomclass/springbackend/domain/user/service/StudentService.java:159: error: cannot find symbol
                  !submission.getUser().getPhone().equals(studentPhone)) {
                             ^
    symbol:   method getUser()
    location: variable submission of type ExamSubmission
  /home/aiden/programming/final-project/iroom-backend-springboot/src/main/java/com/iroomclass/springbackend/domain/user/service/StudentService.java:195: error: cannot find symbol
                  submission.getUser().getName(),
                            ^
    symbol:   method getUser()
    location: variable submission of type ExamSubmission
  /home/aiden/programming/final-project/iroom-backend-springboot/src/main/java/com/iroomclass/springbackend/domain/user/service/StudentService.java:196: error: cannot find symbol
                  submission.getUser().getPhone(),
                            ^
    symbol:   method getUser()
    location: variable submission of type ExamSubmission
  /home/aiden/programming/final-project/iroom-backend-springboot/src/main/java/com/iroomclass/springbackend/domain/user/service/StudentService.java:234: error: cannot find symbol
          if (!submission.getUser().getName().equals(studentName) ||
                         ^
    symbol:   method getUser()
    location: variable submission of type ExamSubmission
  /home/aiden/programming/final-project/iroom-backend-springboot/src/main/java/com/iroomclass/springbackend/domain/user/service/StudentService.java:235: error: cannot find symbol
                  !submission.getUser().getPhone().equals(studentPhone)) {
                             ^
    symbol:   method getUser()
    location: variable submission of type ExamSubmission
  31 errors

* Try:
> Check your code and dependencies to fix the compilation error(s)
> Run with --scan to get full insights.

BUILD FAILED in 1s
1 actionable task: 1 executed
